# JRE version: OpenJDK Runtime Environment JBR-21.0.5+8-631.16-nomod (21.0.5+8) (build 21.0.5+8-b631.16)
# Java VM: OpenJDK 64-Bit Server VM JBR-21.0.5+8-631.16-nomod (21.0.5+8-b631.16, mixed mode, tiered, compressed oops, compressed class ptrs, g1 gc, windows-amd64)
GC Precious Log:
 CardTable entry size: 512
 Card Set container configuration: InlinePtr #cards 4 size 8 Array Of Cards #cards 16 size 48 Howl #buckets 8 coarsen threshold 3686 Howl Bitmap #cards 512 size 80 coarsen threshold 460 Card regions per heap region 1 cards per card region 4096
 CPUs: 8 total, 8 available
 Memory: 32707M
 Large Page Support: Disabled
 NUMA Support: Disabled
 Compressed Oops: Enabled (Zero based)
 Heap Region Size: 2M
 Heap Min Capacity: 8M
 Heap Initial Capacity: 320M
 Heap Max Capacity: 3G
 Pre-touch: Disabled
 Parallel Workers: 8
 Concurrent Workers: 2
 Concurrent Refinement Workers: 8
 Periodic GC: Disabled
Heap:
 garbage-first heap   total 440320K, used 408040K [0x0000000740000000, 0x0000000800000000)
  region size 2048K, 68 young (139264K), 1 survivors (2048K)
 Metaspace       used 66066K, committed 66624K, reserved 1114112K
  class space    used 7850K, committed 8128K, reserved 1048576K
GC Heap History (20 events):
Event: 248.789 GC heap before
{Heap before GC invocations=61 (full 0):
 garbage-first heap   total 434176K, used 388452K [0x0000000740000000, 0x0000000800000000)
  region size 2048K, 66 young (135168K), 1 survivors (2048K)
 Metaspace       used 65462K, committed 66048K, reserved 1114112K
  class space    used 7835K, committed 8128K, reserved 1048576K
}
Event: 248.800 GC heap after
{Heap after GC invocations=62 (full 0):
 garbage-first heap   total 434176K, used 257323K [0x0000000740000000, 0x0000000800000000)
  region size 2048K, 1 young (2048K), 1 survivors (2048K)
 Metaspace       used 65462K, committed 66048K, reserved 1114112K
  class space    used 7835K, committed 8128K, reserved 1048576K
}
Event: 297.594 GC heap before
{Heap before GC invocations=62 (full 0):
 garbage-first heap   total 434176K, used 402731K [0x0000000740000000, 0x0000000800000000)
  region size 2048K, 73 young (149504K), 1 survivors (2048K)
 Metaspace       used 65749K, committed 66304K, reserved 1114112K
  class space    used 7846K, committed 8128K, reserved 1048576K
}
Event: 297.601 GC heap after
{Heap after GC invocations=63 (full 0):
 garbage-first heap   total 434176K, used 255193K [0x0000000740000000, 0x0000000800000000)
  region size 2048K, 1 young (2048K), 1 survivors (2048K)
 Metaspace       used 65749K, committed 66304K, reserved 1114112K
  class space    used 7846K, committed 8128K, reserved 1048576K
}
Event: 321.761 GC heap before
{Heap before GC invocations=63 (full 0):
 garbage-first heap   total 434176K, used 402649K [0x0000000740000000, 0x0000000800000000)
  region size 2048K, 74 young (151552K), 1 survivors (2048K)
 Metaspace       used 65904K, committed 66496K, reserved 1114112K
  class space    used 7848K, committed 8128K, reserved 1048576K
}
Event: 321.766 GC heap after
{Heap after GC invocations=64 (full 0):
 garbage-first heap   total 434176K, used 255196K [0x0000000740000000, 0x0000000800000000)
  region size 2048K, 1 young (2048K), 1 survivors (2048K)
 Metaspace       used 65904K, committed 66496K, reserved 1114112K
  class space    used 7848K, committed 8128K, reserved 1048576K
}
Event: 395.258 GC heap before
{Heap before GC invocations=65 (full 0):
 garbage-first heap   total 434176K, used 402652K [0x0000000740000000, 0x0000000800000000)
  region size 2048K, 74 young (151552K), 1 survivors (2048K)
 Metaspace       used 65926K, committed 66496K, reserved 1114112K
  class space    used 7848K, committed 8128K, reserved 1048576K
}
Event: 395.271 GC heap after
{Heap after GC invocations=66 (full 0):
 garbage-first heap   total 434176K, used 255212K [0x0000000740000000, 0x0000000800000000)
  region size 2048K, 1 young (2048K), 1 survivors (2048K)
 Metaspace       used 65926K, committed 66496K, reserved 1114112K
  class space    used 7848K, committed 8128K, reserved 1048576K
}
Event: 470.269 GC heap before
{Heap before GC invocations=66 (full 0):
 garbage-first heap   total 434176K, used 402668K [0x0000000740000000, 0x0000000800000000)
  region size 2048K, 74 young (151552K), 1 survivors (2048K)
 Metaspace       used 65978K, committed 66560K, reserved 1114112K
  class space    used 7849K, committed 8128K, reserved 1048576K
}
Event: 470.272 GC heap after
{Heap after GC invocations=67 (full 0):
 garbage-first heap   total 434176K, used 253582K [0x0000000740000000, 0x0000000800000000)
  region size 2048K, 1 young (2048K), 1 survivors (2048K)
 Metaspace       used 65978K, committed 66560K, reserved 1114112K
  class space    used 7849K, committed 8128K, reserved 1048576K
}
Event: 547.568 GC heap before
{Heap before GC invocations=67 (full 0):
 garbage-first heap   total 434176K, used 403086K [0x0000000740000000, 0x0000000800000000)
  region size 2048K, 75 young (153600K), 1 survivors (2048K)
 Metaspace       used 65989K, committed 66560K, reserved 1114112K
  class space    used 7849K, committed 8128K, reserved 1048576K
}
Event: 547.570 GC heap after
{Heap after GC invocations=68 (full 0):
 garbage-first heap   total 434176K, used 253557K [0x0000000740000000, 0x0000000800000000)
  region size 2048K, 1 young (2048K), 1 survivors (2048K)
 Metaspace       used 65989K, committed 66560K, reserved 1114112K
  class space    used 7849K, committed 8128K, reserved 1048576K
}
Event: 625.057 GC heap before
{Heap before GC invocations=69 (full 0):
 garbage-first heap   total 434176K, used 403061K [0x0000000740000000, 0x0000000800000000)
  region size 2048K, 76 young (155648K), 1 survivors (2048K)
 Metaspace       used 65989K, committed 66560K, reserved 1114112K
  class space    used 7849K, committed 8128K, reserved 1048576K
}
Event: 625.061 GC heap after
{Heap after GC invocations=70 (full 0):
 garbage-first heap   total 434176K, used 253573K [0x0000000740000000, 0x0000000800000000)
  region size 2048K, 1 young (2048K), 1 survivors (2048K)
 Metaspace       used 65989K, committed 66560K, reserved 1114112K
  class space    used 7849K, committed 8128K, reserved 1048576K
}
Event: 702.674 GC heap before
{Heap before GC invocations=70 (full 0):
 garbage-first heap   total 434176K, used 405125K [0x0000000740000000, 0x0000000800000000)
  region size 2048K, 75 young (153600K), 1 survivors (2048K)
 Metaspace       used 65989K, committed 66560K, reserved 1114112K
  class space    used 7849K, committed 8128K, reserved 1048576K
}
Event: 702.678 GC heap after
{Heap after GC invocations=71 (full 0):
 garbage-first heap   total 434176K, used 252375K [0x0000000740000000, 0x0000000800000000)
  region size 2048K, 1 young (2048K), 1 survivors (2048K)
 Metaspace       used 65989K, committed 66560K, reserved 1114112K
  class space    used 7849K, committed 8128K, reserved 1048576K
}
Event: 750.545 GC heap before
{Heap before GC invocations=71 (full 0):
 garbage-first heap   total 434176K, used 346583K [0x0000000740000000, 0x0000000800000000)
  region size 2048K, 49 young (100352K), 1 survivors (2048K)
 Metaspace       used 65997K, committed 66560K, reserved 1114112K
  class space    used 7849K, committed 8128K, reserved 1048576K
}
Event: 750.547 GC heap after
{Heap after GC invocations=72 (full 0):
 garbage-first heap   total 434176K, used 252411K [0x0000000740000000, 0x0000000800000000)
  region size 2048K, 1 young (2048K), 1 survivors (2048K)
 Metaspace       used 65997K, committed 66560K, reserved 1114112K
  class space    used 7849K, committed 8128K, reserved 1048576K
}
Event: 826.491 GC heap before
{Heap before GC invocations=73 (full 0):
 garbage-first heap   total 440320K, used 414203K [0x0000000740000000, 0x0000000800000000)
  region size 2048K, 76 young (155648K), 1 survivors (2048K)
 Metaspace       used 66054K, committed 66624K, reserved 1114112K
  class space    used 7849K, committed 8128K, reserved 1048576K
}
Event: 826.498 GC heap after
{Heap after GC invocations=74 (full 0):
 garbage-first heap   total 440320K, used 262632K [0x0000000740000000, 0x0000000800000000)
  region size 2048K, 1 young (2048K), 1 survivors (2048K)
 Metaspace       used 66054K, committed 66624K, reserved 1114112K
  class space    used 7849K, committed 8128K, reserved 1048576K
}

