# JRE version: OpenJDK Runtime Environment JBR-21.0.6+8-872.80-nomod (21.0.6+8) (build 21.0.6+8-b872.80)
# Java VM: OpenJDK 64-Bit Server VM JBR-21.0.6+8-872.80-nomod (21.0.6+8-b872.80, mixed mode, tiered, compressed oops, compressed class ptrs, g1 gc, windows-amd64)
GC Precious Log:
 CardTable entry size: 512
 Card Set container configuration: InlinePtr #cards 4 size 8 Array Of Cards #cards 16 size 48 Howl #buckets 8 coarsen threshold 3686 Howl Bitmap #cards 512 size 80 coarsen threshold 460 Card regions per heap region 1 cards per card region 4096
 CPUs: 8 total, 8 available
 Memory: 32707M
 Large Page Support: Disabled
 NUMA Support: Disabled
 Compressed Oops: Enabled (Zero based)
 Heap Region Size: 2M
 Heap Min Capacity: 8M
 Heap Initial Capacity: 320M
 Heap Max Capacity: 3G
 Pre-touch: Disabled
 Parallel Workers: 8
 Concurrent Workers: 2
 Concurrent Refinement Workers: 8
 Periodic GC: Disabled
Heap:
 garbage-first heap   total 350208K, used 254219K [0x0000000740000000, 0x0000000800000000)
  region size 2048K, 32 young (65536K), 5 survivors (10240K)
 Metaspace       used 80965K, committed 81600K, reserved 1179648K
  class space    used 9886K, committed 10176K, reserved 1048576K
GC Heap History (20 events):
Event: 83693.158 GC heap before
{Heap before GC invocations=17907 (full 0):
 garbage-first heap   total 346112K, used 323340K [0x0000000740000000, 0x0000000800000000)
  region size 2048K, 75 young (153600K), 1 survivors (2048K)
 Metaspace       used 80920K, committed 81600K, reserved 1179648K
  class space    used 9886K, committed 10176K, reserved 1048576K
}
Event: 83693.160 GC heap after
{Heap after GC invocations=17908 (full 0):
 garbage-first heap   total 346112K, used 171787K [0x0000000740000000, 0x0000000800000000)
  region size 2048K, 1 young (2048K), 1 survivors (2048K)
 Metaspace       used 80920K, committed 81600K, reserved 1179648K
  class space    used 9886K, committed 10176K, reserved 1048576K
}
Event: 83693.657 GC heap before
{Heap before GC invocations=17908 (full 0):
 garbage-first heap   total 346112K, used 323339K [0x0000000740000000, 0x0000000800000000)
  region size 2048K, 75 young (153600K), 1 survivors (2048K)
 Metaspace       used 80920K, committed 81600K, reserved 1179648K
  class space    used 9886K, committed 10176K, reserved 1048576K
}
Event: 83693.659 GC heap after
{Heap after GC invocations=17909 (full 0):
 garbage-first heap   total 346112K, used 171787K [0x0000000740000000, 0x0000000800000000)
  region size 2048K, 1 young (2048K), 1 survivors (2048K)
 Metaspace       used 80920K, committed 81600K, reserved 1179648K
  class space    used 9886K, committed 10176K, reserved 1048576K
}
Event: 83694.204 GC heap before
{Heap before GC invocations=17910 (full 0):
 garbage-first heap   total 346112K, used 323339K [0x0000000740000000, 0x0000000800000000)
  region size 2048K, 75 young (153600K), 1 survivors (2048K)
 Metaspace       used 80920K, committed 81600K, reserved 1179648K
  class space    used 9886K, committed 10176K, reserved 1048576K
}
Event: 83694.206 GC heap after
{Heap after GC invocations=17911 (full 0):
 garbage-first heap   total 346112K, used 171788K [0x0000000740000000, 0x0000000800000000)
  region size 2048K, 1 young (2048K), 1 survivors (2048K)
 Metaspace       used 80920K, committed 81600K, reserved 1179648K
  class space    used 9886K, committed 10176K, reserved 1048576K
}
Event: 83694.694 GC heap before
{Heap before GC invocations=17911 (full 0):
 garbage-first heap   total 346112K, used 323340K [0x0000000740000000, 0x0000000800000000)
  region size 2048K, 75 young (153600K), 1 survivors (2048K)
 Metaspace       used 80920K, committed 81600K, reserved 1179648K
  class space    used 9886K, committed 10176K, reserved 1048576K
}
Event: 83694.696 GC heap after
{Heap after GC invocations=17912 (full 0):
 garbage-first heap   total 346112K, used 171788K [0x0000000740000000, 0x0000000800000000)
  region size 2048K, 1 young (2048K), 1 survivors (2048K)
 Metaspace       used 80920K, committed 81600K, reserved 1179648K
  class space    used 9886K, committed 10176K, reserved 1048576K
}
Event: 83699.624 GC heap before
{Heap before GC invocations=17913 (full 0):
 garbage-first heap   total 346112K, used 321292K [0x0000000740000000, 0x0000000800000000)
  region size 2048K, 75 young (153600K), 1 survivors (2048K)
 Metaspace       used 80930K, committed 81600K, reserved 1179648K
  class space    used 9886K, committed 10176K, reserved 1048576K
}
Event: 83699.637 GC heap after
{Heap after GC invocations=17914 (full 0):
 garbage-first heap   total 348160K, used 193399K [0x0000000740000000, 0x0000000800000000)
  region size 2048K, 10 young (20480K), 10 survivors (20480K)
 Metaspace       used 80930K, committed 81600K, reserved 1179648K
  class space    used 9886K, committed 10176K, reserved 1048576K
}
Event: 83701.200 GC heap before
{Heap before GC invocations=17915 (full 0):
 garbage-first heap   total 348160K, used 318327K [0x0000000740000000, 0x0000000800000000)
  region size 2048K, 66 young (135168K), 10 survivors (20480K)
 Metaspace       used 80940K, committed 81600K, reserved 1179648K
  class space    used 9886K, committed 10176K, reserved 1048576K
}
Event: 83701.212 GC heap after
{Heap after GC invocations=17916 (full 0):
 garbage-first heap   total 348160K, used 206230K [0x0000000740000000, 0x0000000800000000)
  region size 2048K, 9 young (18432K), 9 survivors (18432K)
 Metaspace       used 80940K, committed 81600K, reserved 1179648K
  class space    used 9886K, committed 10176K, reserved 1048576K
}
Event: 85962.738 GC heap before
{Heap before GC invocations=17916 (full 0):
 garbage-first heap   total 348160K, used 325014K [0x0000000740000000, 0x0000000800000000)
  region size 2048K, 59 young (120832K), 9 survivors (18432K)
 Metaspace       used 80944K, committed 81600K, reserved 1179648K
  class space    used 9886K, committed 10176K, reserved 1048576K
}
Event: 85962.755 GC heap after
{Heap after GC invocations=17917 (full 0):
 garbage-first heap   total 350208K, used 223696K [0x0000000740000000, 0x0000000800000000)
  region size 2048K, 2 young (4096K), 2 survivors (4096K)
 Metaspace       used 80944K, committed 81600K, reserved 1179648K
  class space    used 9886K, committed 10176K, reserved 1048576K
}
Event: 88801.984 GC heap before
{Heap before GC invocations=17917 (full 0):
 garbage-first heap   total 350208K, used 324048K [0x0000000740000000, 0x0000000800000000)
  region size 2048K, 51 young (104448K), 2 survivors (4096K)
 Metaspace       used 80944K, committed 81600K, reserved 1179648K
  class space    used 9886K, committed 10176K, reserved 1048576K
}
Event: 88801.997 GC heap after
{Heap after GC invocations=17918 (full 0):
 garbage-first heap   total 350208K, used 212009K [0x0000000740000000, 0x0000000800000000)
  region size 2048K, 1 young (2048K), 1 survivors (2048K)
 Metaspace       used 80944K, committed 81600K, reserved 1179648K
  class space    used 9886K, committed 10176K, reserved 1048576K
}
Event: 98007.797 GC heap before
{Heap before GC invocations=17919 (full 0):
 garbage-first heap   total 350208K, used 320553K [0x0000000740000000, 0x0000000800000000)
  region size 2048K, 57 young (116736K), 1 survivors (2048K)
 Metaspace       used 80963K, committed 81600K, reserved 1179648K
  class space    used 9886K, committed 10176K, reserved 1048576K
}
Event: 98007.802 GC heap after
{Heap after GC invocations=17920 (full 0):
 garbage-first heap   total 350208K, used 210560K [0x0000000740000000, 0x0000000800000000)
  region size 2048K, 3 young (6144K), 3 survivors (6144K)
 Metaspace       used 80963K, committed 81600K, reserved 1179648K
  class space    used 9886K, committed 10176K, reserved 1048576K
}
Event: 100061.646 GC heap before
{Heap before GC invocations=17920 (full 0):
 garbage-first heap   total 350208K, used 321152K [0x0000000740000000, 0x0000000800000000)
  region size 2048K, 57 young (116736K), 3 survivors (6144K)
 Metaspace       used 80964K, committed 81600K, reserved 1179648K
  class space    used 9886K, committed 10176K, reserved 1048576K
}
Event: 100061.653 GC heap after
{Heap after GC invocations=17921 (full 0):
 garbage-first heap   total 350208K, used 203019K [0x0000000740000000, 0x0000000800000000)
  region size 2048K, 5 young (10240K), 5 survivors (10240K)
 Metaspace       used 80964K, committed 81600K, reserved 1179648K
  class space    used 9886K, committed 10176K, reserved 1048576K
}

